<?xml version="1.0" encoding="UTF-8"?>
<testsuite xmlns:xsi="http://www.w3.org/2001/XMLSchema-instance" xsi:noNamespaceSchemaLocation="https://maven.apache.org/surefire/maven-surefire-plugin/xsd/surefire-test-report-3.0.xsd" version="3.0" name="com.dreamgames.backendengineeringcasestudy.BackendEngineeringCaseStudyApplicationTests" time="1.375" tests="1" errors="0" skipped="0" failures="0">
  <properties>
[...]
</properties>
  <testcase name="contextLoads" classname="com.dreamgames.backendengineeringcasestudy.BackendEngineeringCaseStudyApplicationTests" time="0.363">
    <system-out><![CDATA[20:52:25.585 [main] INFO org.springframework.test.context.support.AnnotationConfigContextLoaderUtils -- Could not detect default configuration classes for test class [com.dreamgames.backendengineeringcasestudy.BackendEngineeringCaseStudyApplicationTests]: BackendEngineeringCaseStudyApplicationTests does not declare any static, non-private, non-final, nested classes annotated with @Configuration.
20:52:25.624 [main] INFO org.springframework.boot.test.context.SpringBootTestContextBootstrapper -- Found @SpringBootConfiguration com.dreamgames.backendengineeringcasestudy.BackendEngineeringCaseStudyApplication for test class com.dreamgames.backendengineeringcasestudy.BackendEngineeringCaseStudyApplicationTests

  .   ____          _            __ _ _
 /\\ / ___'_ __ _ _(_)_ __  __ _ \ \ \ \
( ( )\___ | '_ | '_| | '_ \/ _` | \ \ \ \
 \\/  ___)| |_)| | | | | || (_| |  ) ) ) )
  '  |____| .__|_| |_|_| |_\__, | / / / /
 =========|_|==============|___/=/_/_/_/
 :: Spring Boot ::                (v3.2.1)

2024-04-29T20:52:25.744+03:00  INFO 55889 --- [           main] kendEngineeringCaseStudyApplicationTests : Starting BackendEngineeringCaseStudyApplicationTests using Java 20.0.2.1 with PID 55889 (started by emresin in /Users/emresin/IdeaProjects/backend-engineering-case-study)
2024-04-29T20:52:25.745+03:00  INFO 55889 --- [           main] kendEngineeringCaseStudyApplicationTests : No active profile set, falling back to 1 default profile: "default"
2024-04-29T20:52:25.977+03:00  INFO 55889 --- [           main] .s.d.r.c.RepositoryConfigurationDelegate : Multiple Spring Data modules found, entering strict repository configuration mode
2024-04-29T20:52:25.978+03:00  INFO 55889 --- [           main] .s.d.r.c.RepositoryConfigurationDelegate : Bootstrapping Spring Data Redis repositories in DEFAULT mode.
2024-04-29T20:52:25.990+03:00  INFO 55889 --- [           main] .s.d.r.c.RepositoryConfigurationDelegate : Finished Spring Data repository scanning in 6 ms. Found 0 Redis repository interfaces.
2024-04-29T20:52:26.520+03:00  INFO 55889 --- [           main] kendEngineeringCaseStudyApplicationTests : Started BackendEngineeringCaseStudyApplicationTests in 0.852 seconds (process running for 1.227)
]]></system-out>
  </testcase>
</testsuite>